11:15:08 **** Incremental Build of configuration Debug for project lab1 ****
make -j8 all 
make: Nothing to be done for 'all'.
11:15:14 **** Incremental Build of configuration Debug for project lab1 ****
make -j8 all 
make: Nothing to be done for 'all'.
11:15:37 **** Incremental Build of configuration Debug for project lab1 ****
make -j8 all 
make: Nothing to be done for 'all'.
11:16:03 **** Incremental Build of configuration Debug for project lab1 ****
make -j8 all 
make: Nothing to be done for 'all'.
11:18:36 **** Incremental Build of configuration Debug for project lab1 ****
make -j8 all 
Building file: ../src/main.s
Invoking: MCU GCC Assembler
C:\Users\Dorien Penebacker\workspace\lab1\Debug
arm-none-eabi-as -mcpu=cortex-m0 -mthumb -mfloat-abi=soft -I"C:/Users/Dorien Penebacker/workspace/lab1/StdPeriph_Driver/inc" -I"C:/Users/Dorien Penebacker/workspace/lab1/inc" -I"C:/Users/Dorien Penebacker/workspace/lab1/CMSIS/device" -I"C:/Users/Dorien Penebacker/workspace/lab1/CMSIS/core" -g -o "src/main.o" "../src/main.s"
Finished building: ../src/main.s
 
Building target: lab1.elf
Invoking: MCU GCC Linker
arm-none-eabi-gcc -mcpu=cortex-m0 -mthumb -mfloat-abi=soft -T"C:/Users/Dorien Penebacker/workspace/lab1/LinkerScript.ld" -Wl,-Map=output.map -Wl,--gc-sections -o "lab1.elf" @"objects.list"   -lm
src/main.o: In function `main':
C:\Users\Dorien Penebacker\workspace\lab1\Debug/../src/main.s:12: undefined reference to `autotest'
collect2.exe: error: ld returned 1 exit status
make: *** [lab1.elf] Error 1
makefile:35: recipe for target 'lab1.elf' failed
11:20:16 **** Incremental Build of configuration Debug for project lab1 ****
make -j8 all 
Building file: ../src/main.s
Invoking: MCU GCC Assembler
C:\Users\Dorien Penebacker\workspace\lab1\Debug
arm-none-eabi-as -mcpu=cortex-m0 -mthumb -mfloat-abi=soft -I"C:/Users/Dorien Penebacker/workspace/lab1/StdPeriph_Driver/inc" -I"C:/Users/Dorien Penebacker/workspace/lab1/inc" -I"C:/Users/Dorien Penebacker/workspace/lab1/CMSIS/device" -I"C:/Users/Dorien Penebacker/workspace/lab1/CMSIS/core" -g -o "src/main.o" "../src/main.s"
Finished building: ../src/main.s
 
Building target: lab1.elf
Invoking: MCU GCC Linker
arm-none-eabi-gcc -mcpu=cortex-m0 -mthumb -mfloat-abi=soft -T"C:/Users/Dorien Penebacker/workspace/lab1/LinkerScript.ld" -Wl,-Map=output.map -Wl,--gc-sections -o "lab1.elf" @"objects.list" C:/Users/Dorien\ Penebacker/workspace/lab1/src/autotest.o  -lm
Finished building target: lab1.elf
 
make --no-print-directory post-build
Generating binary and Printing size information:
arm-none-eabi-objcopy -O binary "lab1.elf" "lab1.bin"
arm-none-eabi-size "lab1.elf"
   text	   data	    bss	    dec	    hex	filename
  50536	   2492	   3368	  56396	   dc4c	lab1.elf
 
11:20:37 **** Incremental Build of configuration Debug for project lab1 ****
make -j8 all 
Building file: ../src/main.s
Invoking: MCU GCC Assembler
C:\Users\Dorien Penebacker\workspace\lab1\Debug
arm-none-eabi-as -mcpu=cortex-m0 -mthumb -mfloat-abi=soft -I"C:/Users/Dorien Penebacker/workspace/lab1/StdPeriph_Driver/inc" -I"C:/Users/Dorien Penebacker/workspace/lab1/inc" -I"C:/Users/Dorien Penebacker/workspace/lab1/CMSIS/device" -I"C:/Users/Dorien Penebacker/workspace/lab1/CMSIS/core" -g -o "src/main.o" "../src/main.s"
Finished building: ../src/main.s
 
Building target: lab1.elf
Invoking: MCU GCC Linker
arm-none-eabi-gcc -mcpu=cortex-m0 -mthumb -mfloat-abi=soft -T"C:/Users/Dorien Penebacker/workspace/lab1/LinkerScript.ld" -Wl,-Map=output.map -Wl,--gc-sections -o "lab1.elf" @"objects.list" C:/Users/Dorien\ Penebacker/workspace/lab1/src/autotest.o  -lm
Finished building target: lab1.elf
 
make --no-print-directory post-build
Generating binary and Printing size information:
arm-none-eabi-objcopy -O binary "lab1.elf" "lab1.bin"
arm-none-eabi-size "lab1.elf"
   text	   data	    bss	    dec	    hex	filename
  50656	   2492	   3368	  56516	   dcc4	lab1.elf
 
11:22:27 **** Incremental Build of configuration Debug for project lab1 ****
make -j8 all 
make: Nothing to be done for 'all'.
11:41:19 **** Incremental Build of configuration Debug for project lab1 ****
make -j8 all 
Building file: ../src/main.s
Invoking: MCU GCC Assembler
C:\Users\Dorien Penebacker\workspace\lab1\Debug
arm-none-eabi-as -mcpu=cortex-m0 -mthumb -mfloat-abi=soft -I"C:/Users/Dorien Penebacker/workspace/lab1/StdPeriph_Driver/inc" -I"C:/Users/Dorien Penebacker/workspace/lab1/inc" -I"C:/Users/Dorien Penebacker/workspace/lab1/CMSIS/device" -I"C:/Users/Dorien Penebacker/workspace/lab1/CMSIS/core" -g -o "src/main.o" "../src/main.s"
Finished building: ../src/main.s
 
Building target: lab1.elf
Invoking: MCU GCC Linker
arm-none-eabi-gcc -mcpu=cortex-m0 -mthumb -mfloat-abi=soft -T"C:/Users/Dorien Penebacker/workspace/lab1/LinkerScript.ld" -Wl,-Map=output.map -Wl,--gc-sections -o "lab1.elf" @"objects.list" C:/Users/Dorien\ Penebacker/workspace/lab1/src/autotest.o  -lm
Finished building target: lab1.elf
 
make --no-print-directory post-build
Generating binary and Printing size information:
arm-none-eabi-objcopy -O binary "lab1.elf" "lab1.bin"
arm-none-eabi-size "lab1.elf"
   text	   data	    bss	    dec	    hex	filename
   1324	   1080	   1092	   3496	    da8	lab1.elf
 
11:41:43 **** Incremental Build of configuration Debug for project lab1 ****
make -j8 all 
make: Nothing to be done for 'all'.
11:41:50 **** Incremental Build of configuration Debug for project lab1 ****
make -j8 all 
Building file: ../src/main.s
Invoking: MCU GCC Assembler
C:\Users\Dorien Penebacker\workspace\lab1\Debug
arm-none-eabi-as -mcpu=cortex-m0 -mthumb -mfloat-abi=soft -I"C:/Users/Dorien Penebacker/workspace/lab1/StdPeriph_Driver/inc" -I"C:/Users/Dorien Penebacker/workspace/lab1/inc" -I"C:/Users/Dorien Penebacker/workspace/lab1/CMSIS/device" -I"C:/Users/Dorien Penebacker/workspace/lab1/CMSIS/core" -g -o "src/main.o" "../src/main.s"
Finished building: ../src/main.s
 
Building target: lab1.elf
Invoking: MCU GCC Linker
arm-none-eabi-gcc -mcpu=cortex-m0 -mthumb -mfloat-abi=soft -T"C:/Users/Dorien Penebacker/workspace/lab1/LinkerScript.ld" -Wl,-Map=output.map -Wl,--gc-sections -o "lab1.elf" @"objects.list" C:/Users/Dorien\ Penebacker/workspace/lab1/src/autotest.o  -lm
Finished building target: lab1.elf
 
make --no-print-directory post-build
Generating binary and Printing size information:
arm-none-eabi-objcopy -O binary "lab1.elf" "lab1.bin"
arm-none-eabi-size "lab1.elf"
   text	   data	    bss	    dec	    hex	filename
  50664	   2492	   3368	  56524	   dccc	lab1.elf
 
11:44:03 **** Incremental Build of configuration Debug for project lab1 ****
make -j8 all 
Building file: ../src/main.s
Invoking: MCU GCC Assembler
C:\Users\Dorien Penebacker\workspace\lab1\Debug
arm-none-eabi-as -mcpu=cortex-m0 -mthumb -mfloat-abi=soft -I"C:/Users/Dorien Penebacker/workspace/lab1/StdPeriph_Driver/inc" -I"C:/Users/Dorien Penebacker/workspace/lab1/inc" -I"C:/Users/Dorien Penebacker/workspace/lab1/CMSIS/device" -I"C:/Users/Dorien Penebacker/workspace/lab1/CMSIS/core" -g -o "src/main.o" "../src/main.s"
Finished building: ../src/main.s
 
Building target: lab1.elf
Invoking: MCU GCC Linker
arm-none-eabi-gcc -mcpu=cortex-m0 -mthumb -mfloat-abi=soft -T"C:/Users/Dorien Penebacker/workspace/lab1/LinkerScript.ld" -Wl,-Map=output.map -Wl,--gc-sections -o "lab1.elf" @"objects.list" C:/Users/Dorien\ Penebacker/workspace/lab1/src/autotest.o  -lm
Finished building target: lab1.elf
 
make --no-print-directory post-build
Generating binary and Printing size information:
arm-none-eabi-objcopy -O binary "lab1.elf" "lab1.bin"
arm-none-eabi-size "lab1.elf"
   text	   data	    bss	    dec	    hex	filename
  50672	   2492	   3368	  56532	   dcd4	lab1.elf
 
11:45:10 **** Incremental Build of configuration Debug for project lab1 ****
make -j8 all 
Building file: ../src/main.s
Invoking: MCU GCC Assembler
C:\Users\Dorien Penebacker\workspace\lab1\Debug
arm-none-eabi-as -mcpu=cortex-m0 -mthumb -mfloat-abi=soft -I"C:/Users/Dorien Penebacker/workspace/lab1/StdPeriph_Driver/inc" -I"C:/Users/Dorien Penebacker/workspace/lab1/inc" -I"C:/Users/Dorien Penebacker/workspace/lab1/CMSIS/device" -I"C:/Users/Dorien Penebacker/workspace/lab1/CMSIS/core" -g -o "src/main.o" "../src/main.s"
Finished building: ../src/main.s
 
Building target: lab1.elf
Invoking: MCU GCC Linker
arm-none-eabi-gcc -mcpu=cortex-m0 -mthumb -mfloat-abi=soft -T"C:/Users/Dorien Penebacker/workspace/lab1/LinkerScript.ld" -Wl,-Map=output.map -Wl,--gc-sections -o "lab1.elf" @"objects.list" C:/Users/Dorien\ Penebacker/workspace/lab1/src/autotest.o  -lm
Finished building target: lab1.elf
 
make --no-print-directory post-build
Generating binary and Printing size information:
arm-none-eabi-objcopy -O binary "lab1.elf" "lab1.bin"
arm-none-eabi-size "lab1.elf"
   text	   data	    bss	    dec	    hex	filename
  50680	   2492	   3368	  56540	   dcdc	lab1.elf
 
11:45:47 **** Incremental Build of configuration Debug for project lab1 ****
make -j8 all 
Building file: ../src/main.s
Invoking: MCU GCC Assembler
C:\Users\Dorien Penebacker\workspace\lab1\Debug
arm-none-eabi-as -mcpu=cortex-m0 -mthumb -mfloat-abi=soft -I"C:/Users/Dorien Penebacker/workspace/lab1/StdPeriph_Driver/inc" -I"C:/Users/Dorien Penebacker/workspace/lab1/inc" -I"C:/Users/Dorien Penebacker/workspace/lab1/CMSIS/device" -I"C:/Users/Dorien Penebacker/workspace/lab1/CMSIS/core" -g -o "src/main.o" "../src/main.s"
../src/main.s: Assembler messages:
../src/main.s:105: Error: Thumb-2 MUL must not set flags -- `muls r0,r1,r3'
src/subdir.mk:28: recipe for target 'src/main.o' failed
make: *** [src/main.o] Error 1
11:46:17 **** Incremental Build of configuration Debug for project lab1 ****
make -j8 all 
Building file: ../src/main.s
Invoking: MCU GCC Assembler
C:\Users\Dorien Penebacker\workspace\lab1\Debug
arm-none-eabi-as -mcpu=cortex-m0 -mthumb -mfloat-abi=soft -I"C:/Users/Dorien Penebacker/workspace/lab1/StdPeriph_Driver/inc" -I"C:/Users/Dorien Penebacker/workspace/lab1/inc" -I"C:/Users/Dorien Penebacker/workspace/lab1/CMSIS/device" -I"C:/Users/Dorien Penebacker/workspace/lab1/CMSIS/core" -g -o "src/main.o" "../src/main.s"
Finished building: ../src/main.s
 
Building target: lab1.elf
Invoking: MCU GCC Linker
arm-none-eabi-gcc -mcpu=cortex-m0 -mthumb -mfloat-abi=soft -T"C:/Users/Dorien Penebacker/workspace/lab1/LinkerScript.ld" -Wl,-Map=output.map -Wl,--gc-sections -o "lab1.elf" @"objects.list" C:/Users/Dorien\ Penebacker/workspace/lab1/src/autotest.o  -lm
Finished building target: lab1.elf
 
make --no-print-directory post-build
Generating binary and Printing size information:
arm-none-eabi-objcopy -O binary "lab1.elf" "lab1.bin"
arm-none-eabi-size "lab1.elf"
   text	   data	    bss	    dec	    hex	filename
  50680	   2492	   3368	  56540	   dcdc	lab1.elf
 
11:48:43 **** Incremental Build of configuration Debug for project lab1 ****
make -j8 all 
Building file: ../src/main.s
Invoking: MCU GCC Assembler
C:\Users\Dorien Penebacker\workspace\lab1\Debug
arm-none-eabi-as -mcpu=cortex-m0 -mthumb -mfloat-abi=soft -I"C:/Users/Dorien Penebacker/workspace/lab1/StdPeriph_Driver/inc" -I"C:/Users/Dorien Penebacker/workspace/lab1/inc" -I"C:/Users/Dorien Penebacker/workspace/lab1/CMSIS/device" -I"C:/Users/Dorien Penebacker/workspace/lab1/CMSIS/core" -g -o "src/main.o" "../src/main.s"
../src/main.s: Assembler messages:
../src/main.s:21: Error: invalid immediate: -28 is out of range
../src/main.s:22: Error: invalid immediate: -33 is out of range
../src/main.s:27: Error: invalid immediate: -14 is out of range
../src/main.s:28: Error: invalid immediate: -74 is out of range
../src/main.s:29: Error: invalid immediate: -70 is out of range
../src/main.s:30: Error: invalid immediate: -18 is out of range
../src/main.s:37: Error: invalid immediate: -20 is out of range
src/subdir.mk:28: recipe for target 'src/main.o' failed
make: *** [src/main.o] Error 1
11:52:38 **** Incremental Build of configuration Debug for project lab1 ****
make -j8 all 
Building file: ../src/main.s
Invoking: MCU GCC Assembler
C:\Users\Dorien Penebacker\workspace\lab1\Debug
arm-none-eabi-as -mcpu=cortex-m0 -mthumb -mfloat-abi=soft -I"C:/Users/Dorien Penebacker/workspace/lab1/StdPeriph_Driver/inc" -I"C:/Users/Dorien Penebacker/workspace/lab1/inc" -I"C:/Users/Dorien Penebacker/workspace/lab1/CMSIS/device" -I"C:/Users/Dorien Penebacker/workspace/lab1/CMSIS/core" -g -o "src/main.o" "../src/main.s"
../src/main.s: Assembler messages:
../src/main.s:29: Error: invalid immediate: -14 is out of range
../src/main.s:31: Error: invalid immediate: -74 is out of range
../src/main.s:33: Error: invalid immediate: -70 is out of range
../src/main.s:35: Error: invalid immediate: -18 is out of range
make: *** [src/main.o] Error 1
src/subdir.mk:28: recipe for target 'src/main.o' failed
11:52:39 **** Incremental Build of configuration Debug for project lab1 ****
make -j8 all 
Building file: ../src/main.s
Invoking: MCU GCC Assembler
C:\Users\Dorien Penebacker\workspace\lab1\Debug
arm-none-eabi-as -mcpu=cortex-m0 -mthumb -mfloat-abi=soft -I"C:/Users/Dorien Penebacker/workspace/lab1/StdPeriph_Driver/inc" -I"C:/Users/Dorien Penebacker/workspace/lab1/inc" -I"C:/Users/Dorien Penebacker/workspace/lab1/CMSIS/device" -I"C:/Users/Dorien Penebacker/workspace/lab1/CMSIS/core" -g -o "src/main.o" "../src/main.s"
../src/main.s: Assembler messages:
../src/main.s:29: Error: invalid immediate: -14 is out of range
../src/main.s:31: Error: invalid immediate: -74 is out of range
../src/main.s:33: Error: invalid immediate: -70 is out of range
../src/main.s:35: Error: invalid immediate: -18 is out of range
src/subdir.mk:28: recipe for target 'src/main.o' failed
make: *** [src/main.o] Error 1
11:52:50 **** Incremental Build of configuration Debug for project lab1 ****
make -j8 all 
Building file: ../src/main.s
Invoking: MCU GCC Assembler
C:\Users\Dorien Penebacker\workspace\lab1\Debug
arm-none-eabi-as -mcpu=cortex-m0 -mthumb -mfloat-abi=soft -I"C:/Users/Dorien Penebacker/workspace/lab1/StdPeriph_Driver/inc" -I"C:/Users/Dorien Penebacker/workspace/lab1/inc" -I"C:/Users/Dorien Penebacker/workspace/lab1/CMSIS/device" -I"C:/Users/Dorien Penebacker/workspace/lab1/CMSIS/core" -g -o "src/main.o" "../src/main.s"
Finished building: ../src/main.s
 
Building target: lab1.elf
Invoking: MCU GCC Linker
arm-none-eabi-gcc -mcpu=cortex-m0 -mthumb -mfloat-abi=soft -T"C:/Users/Dorien Penebacker/workspace/lab1/LinkerScript.ld" -Wl,-Map=output.map -Wl,--gc-sections -o "lab1.elf" @"objects.list" C:/Users/Dorien\ Penebacker/workspace/lab1/src/autotest.o  -lm
Finished building target: lab1.elf
 
make --no-print-directory post-build
Generating binary and Printing size information:
arm-none-eabi-objcopy -O binary "lab1.elf" "lab1.bin"
arm-none-eabi-size "lab1.elf"
   text	   data	    bss	    dec	    hex	filename
  50692	   2492	   3368	  56552	   dce8	lab1.elf
 
11:53:07 **** Incremental Build of configuration Debug for project lab1 ****
make -j8 all 
Building file: ../src/main.s
Invoking: MCU GCC Assembler
C:\Users\Dorien Penebacker\workspace\lab1\Debug
arm-none-eabi-as -mcpu=cortex-m0 -mthumb -mfloat-abi=soft -I"C:/Users/Dorien Penebacker/workspace/lab1/StdPeriph_Driver/inc" -I"C:/Users/Dorien Penebacker/workspace/lab1/inc" -I"C:/Users/Dorien Penebacker/workspace/lab1/CMSIS/device" -I"C:/Users/Dorien Penebacker/workspace/lab1/CMSIS/core" -g -o "src/main.o" "../src/main.s"
Finished building: ../src/main.s
 
Building target: lab1.elf
Invoking: MCU GCC Linker
arm-none-eabi-gcc -mcpu=cortex-m0 -mthumb -mfloat-abi=soft -T"C:/Users/Dorien Penebacker/workspace/lab1/LinkerScript.ld" -Wl,-Map=output.map -Wl,--gc-sections -o "lab1.elf" @"objects.list" C:/Users/Dorien\ Penebacker/workspace/lab1/src/autotest.o  -lm
Finished building target: lab1.elf
 
make --no-print-directory post-build
Generating binary and Printing size information:
arm-none-eabi-objcopy -O binary "lab1.elf" "lab1.bin"
arm-none-eabi-size "lab1.elf"
   text	   data	    bss	    dec	    hex	filename
   1352	   1080	   1092	   3524	    dc4	lab1.elf
 
11:54:23 **** Incremental Build of configuration Debug for project lab1 ****
make -j8 all 
make: Nothing to be done for 'all'.
12:00:45 **** Incremental Build of configuration Debug for project lab1 ****
make -j8 all 
Building file: ../src/main.s
Invoking: MCU GCC Assembler
C:\Users\Dorien Penebacker\workspace\lab1\Debug
arm-none-eabi-as -mcpu=cortex-m0 -mthumb -mfloat-abi=soft -I"C:/Users/Dorien Penebacker/workspace/lab1/StdPeriph_Driver/inc" -I"C:/Users/Dorien Penebacker/workspace/lab1/inc" -I"C:/Users/Dorien Penebacker/workspace/lab1/CMSIS/device" -I"C:/Users/Dorien Penebacker/workspace/lab1/CMSIS/core" -g -o "src/main.o" "../src/main.s"
Finished building: ../src/main.s
 
Building target: lab1.elf
Invoking: MCU GCC Linker
arm-none-eabi-gcc -mcpu=cortex-m0 -mthumb -mfloat-abi=soft -T"C:/Users/Dorien Penebacker/workspace/lab1/LinkerScript.ld" -Wl,-Map=output.map -Wl,--gc-sections -o "lab1.elf" @"objects.list" C:/Users/Dorien\ Penebacker/workspace/lab1/src/autotest.o  -lm
Finished building target: lab1.elf
 
make --no-print-directory post-build
Generating binary and Printing size information:
arm-none-eabi-objcopy -O binary "lab1.elf" "lab1.bin"
arm-none-eabi-size "lab1.elf"
   text	   data	    bss	    dec	    hex	filename
   1372	   1080	   1092	   3544	    dd8	lab1.elf
 
12:00:55 **** Incremental Build of configuration Debug for project lab1 ****
make -j8 all 
make: Nothing to be done for 'all'.
12:01:40 **** Incremental Build of configuration Debug for project lab1 ****
make -j8 all 
Building file: ../src/main.s
Invoking: MCU GCC Assembler
C:\Users\Dorien Penebacker\workspace\lab1\Debug
arm-none-eabi-as -mcpu=cortex-m0 -mthumb -mfloat-abi=soft -I"C:/Users/Dorien Penebacker/workspace/lab1/StdPeriph_Driver/inc" -I"C:/Users/Dorien Penebacker/workspace/lab1/inc" -I"C:/Users/Dorien Penebacker/workspace/lab1/CMSIS/device" -I"C:/Users/Dorien Penebacker/workspace/lab1/CMSIS/core" -g -o "src/main.o" "../src/main.s"
Finished building: ../src/main.s
 
Building target: lab1.elf
Invoking: MCU GCC Linker
arm-none-eabi-gcc -mcpu=cortex-m0 -mthumb -mfloat-abi=soft -T"C:/Users/Dorien Penebacker/workspace/lab1/LinkerScript.ld" -Wl,-Map=output.map -Wl,--gc-sections -o "lab1.elf" @"objects.list" C:/Users/Dorien\ Penebacker/workspace/lab1/src/autotest.o  -lm
Finished building target: lab1.elf
 
make --no-print-directory post-build
Generating binary and Printing size information:
arm-none-eabi-objcopy -O binary "lab1.elf" "lab1.bin"
arm-none-eabi-size "lab1.elf"
   text	   data	    bss	    dec	    hex	filename
  50712	   2492	   3368	  56572	   dcfc	lab1.elf
 
12:03:07 **** Incremental Build of configuration Debug for project lab1 ****
make -j8 all 
Building file: ../src/main.s
Invoking: MCU GCC Assembler
C:\Users\Dorien Penebacker\workspace\lab1\Debug
arm-none-eabi-as -mcpu=cortex-m0 -mthumb -mfloat-abi=soft -I"C:/Users/Dorien Penebacker/workspace/lab1/StdPeriph_Driver/inc" -I"C:/Users/Dorien Penebacker/workspace/lab1/inc" -I"C:/Users/Dorien Penebacker/workspace/lab1/CMSIS/device" -I"C:/Users/Dorien Penebacker/workspace/lab1/CMSIS/core" -g -o "src/main.o" "../src/main.s"
Finished building: ../src/main.s
 
Building target: lab1.elf
Invoking: MCU GCC Linker
arm-none-eabi-gcc -mcpu=cortex-m0 -mthumb -mfloat-abi=soft -T"C:/Users/Dorien Penebacker/workspace/lab1/LinkerScript.ld" -Wl,-Map=output.map -Wl,--gc-sections -o "lab1.elf" @"objects.list" C:/Users/Dorien\ Penebacker/workspace/lab1/src/autotest.o  -lm
Finished building target: lab1.elf
 
make --no-print-directory post-build
Generating binary and Printing size information:
arm-none-eabi-objcopy -O binary "lab1.elf" "lab1.bin"
arm-none-eabi-size "lab1.elf"
   text	   data	    bss	    dec	    hex	filename
  50724	   2492	   3368	  56584	   dd08	lab1.elf
 
12:03:29 **** Incremental Build of configuration Debug for project lab1 ****
make -j8 all 
make: Nothing to be done for 'all'.
12:04:00 **** Incremental Build of configuration Debug for project lab1 ****
make -j8 all 
make: Nothing to be done for 'all'.
12:04:38 **** Incremental Build of configuration Debug for project lab1 ****
make -j8 all 
Building file: ../src/main.s
Invoking: MCU GCC Assembler
C:\Users\Dorien Penebacker\workspace\lab1\Debug
arm-none-eabi-as -mcpu=cortex-m0 -mthumb -mfloat-abi=soft -I"C:/Users/Dorien Penebacker/workspace/lab1/StdPeriph_Driver/inc" -I"C:/Users/Dorien Penebacker/workspace/lab1/inc" -I"C:/Users/Dorien Penebacker/workspace/lab1/CMSIS/device" -I"C:/Users/Dorien Penebacker/workspace/lab1/CMSIS/core" -g -o "src/main.o" "../src/main.s"
Finished building: ../src/main.s
 
Building target: lab1.elf
Invoking: MCU GCC Linker
arm-none-eabi-gcc -mcpu=cortex-m0 -mthumb -mfloat-abi=soft -T"C:/Users/Dorien Penebacker/workspace/lab1/LinkerScript.ld" -Wl,-Map=output.map -Wl,--gc-sections -o "lab1.elf" @"objects.list" C:/Users/Dorien\ Penebacker/workspace/lab1/src/autotest.o  -lm
Finished building target: lab1.elf
 
make --no-print-directory post-build
Generating binary and Printing size information:
arm-none-eabi-objcopy -O binary "lab1.elf" "lab1.bin"
arm-none-eabi-size "lab1.elf"
   text	   data	    bss	    dec	    hex	filename
   1384	   1080	   1092	   3556	    de4	lab1.elf
 
12:04:53 **** Incremental Build of configuration Debug for project lab1 ****
make -j8 all 
make: Nothing to be done for 'all'.
12:07:52 **** Incremental Build of configuration Debug for project lab1 ****
make -j8 all 
Building file: ../src/main.s
Invoking: MCU GCC Assembler
C:\Users\Dorien Penebacker\workspace\lab1\Debug
arm-none-eabi-as -mcpu=cortex-m0 -mthumb -mfloat-abi=soft -I"C:/Users/Dorien Penebacker/workspace/lab1/StdPeriph_Driver/inc" -I"C:/Users/Dorien Penebacker/workspace/lab1/inc" -I"C:/Users/Dorien Penebacker/workspace/lab1/CMSIS/device" -I"C:/Users/Dorien Penebacker/workspace/lab1/CMSIS/core" -g -o "src/main.o" "../src/main.s"
Finished building: ../src/main.s
 
Building target: lab1.elf
Invoking: MCU GCC Linker
arm-none-eabi-gcc -mcpu=cortex-m0 -mthumb -mfloat-abi=soft -T"C:/Users/Dorien Penebacker/workspace/lab1/LinkerScript.ld" -Wl,-Map=output.map -Wl,--gc-sections -o "lab1.elf" @"objects.list" C:/Users/Dorien\ Penebacker/workspace/lab1/src/autotest.o  -lm
Finished building target: lab1.elf
 
make --no-print-directory post-build
Generating binary and Printing size information:
arm-none-eabi-objcopy -O binary "lab1.elf" "lab1.bin"
arm-none-eabi-size "lab1.elf"
   text	   data	    bss	    dec	    hex	filename
  50724	   2492	   3368	  56584	   dd08	lab1.elf
 
12:09:26 **** Incremental Build of configuration Debug for project lab1 ****
make -j8 all 
Building file: ../src/main.s
Invoking: MCU GCC Assembler
C:\Users\Dorien Penebacker\workspace\lab1\Debug
arm-none-eabi-as -mcpu=cortex-m0 -mthumb -mfloat-abi=soft -I"C:/Users/Dorien Penebacker/workspace/lab1/StdPeriph_Driver/inc" -I"C:/Users/Dorien Penebacker/workspace/lab1/inc" -I"C:/Users/Dorien Penebacker/workspace/lab1/CMSIS/device" -I"C:/Users/Dorien Penebacker/workspace/lab1/CMSIS/core" -g -o "src/main.o" "../src/main.s"
Finished building: ../src/main.s
 
Building target: lab1.elf
Invoking: MCU GCC Linker
arm-none-eabi-gcc -mcpu=cortex-m0 -mthumb -mfloat-abi=soft -T"C:/Users/Dorien Penebacker/workspace/lab1/LinkerScript.ld" -Wl,-Map=output.map -Wl,--gc-sections -o "lab1.elf" @"objects.list" C:/Users/Dorien\ Penebacker/workspace/lab1/src/autotest.o  -lm
Finished building target: lab1.elf
 
make --no-print-directory post-build
Generating binary and Printing size information:
arm-none-eabi-objcopy -O binary "lab1.elf" "lab1.bin"
arm-none-eabi-size "lab1.elf"
   text	   data	    bss	    dec	    hex	filename
  50724	   2492	   3368	  56584	   dd08	lab1.elf
 
12:13:57 **** Incremental Build of configuration Debug for project lab1 ****
make -j8 all 
Building file: ../src/main.s
Invoking: MCU GCC Assembler
C:\Users\Dorien Penebacker\workspace\lab1\Debug
arm-none-eabi-as -mcpu=cortex-m0 -mthumb -mfloat-abi=soft -I"C:/Users/Dorien Penebacker/workspace/lab1/StdPeriph_Driver/inc" -I"C:/Users/Dorien Penebacker/workspace/lab1/inc" -I"C:/Users/Dorien Penebacker/workspace/lab1/CMSIS/device" -I"C:/Users/Dorien Penebacker/workspace/lab1/CMSIS/core" -g -o "src/main.o" "../src/main.s"
Finished building: ../src/main.s
 
Building target: lab1.elf
Invoking: MCU GCC Linker
arm-none-eabi-gcc -mcpu=cortex-m0 -mthumb -mfloat-abi=soft -T"C:/Users/Dorien Penebacker/workspace/lab1/LinkerScript.ld" -Wl,-Map=output.map -Wl,--gc-sections -o "lab1.elf" @"objects.list" C:/Users/Dorien\ Penebacker/workspace/lab1/src/autotest.o  -lm
Finished building target: lab1.elf
 
make --no-print-directory post-build
Generating binary and Printing size information:
arm-none-eabi-objcopy -O binary "lab1.elf" "lab1.bin"
arm-none-eabi-size "lab1.elf"
   text	   data	    bss	    dec	    hex	filename
  50728	   2492	   3368	  56588	   dd0c	lab1.elf
 
12:15:24 **** Incremental Build of configuration Debug for project lab1 ****
make -j8 all 
Building file: ../src/main.s
Invoking: MCU GCC Assembler
C:\Users\Dorien Penebacker\workspace\lab1\Debug
arm-none-eabi-as -mcpu=cortex-m0 -mthumb -mfloat-abi=soft -I"C:/Users/Dorien Penebacker/workspace/lab1/StdPeriph_Driver/inc" -I"C:/Users/Dorien Penebacker/workspace/lab1/inc" -I"C:/Users/Dorien Penebacker/workspace/lab1/CMSIS/device" -I"C:/Users/Dorien Penebacker/workspace/lab1/CMSIS/core" -g -o "src/main.o" "../src/main.s"
Finished building: ../src/main.s
 
Building target: lab1.elf
Invoking: MCU GCC Linker
arm-none-eabi-gcc -mcpu=cortex-m0 -mthumb -mfloat-abi=soft -T"C:/Users/Dorien Penebacker/workspace/lab1/LinkerScript.ld" -Wl,-Map=output.map -Wl,--gc-sections -o "lab1.elf" @"objects.list" C:/Users/Dorien\ Penebacker/workspace/lab1/src/autotest.o  -lm
Finished building target: lab1.elf
 
make --no-print-directory post-build
Generating binary and Printing size information:
arm-none-eabi-objcopy -O binary "lab1.elf" "lab1.bin"
arm-none-eabi-size "lab1.elf"
   text	   data	    bss	    dec	    hex	filename
  50740	   2492	   3368	  56600	   dd18	lab1.elf
 
12:25:08 **** Incremental Build of configuration Debug for project lab1 ****
make -j8 all 
Building file: ../src/main.s
Invoking: MCU GCC Assembler
C:\Users\Dorien Penebacker\workspace\lab1\Debug
arm-none-eabi-as -mcpu=cortex-m0 -mthumb -mfloat-abi=soft -I"C:/Users/Dorien Penebacker/workspace/lab1/StdPeriph_Driver/inc" -I"C:/Users/Dorien Penebacker/workspace/lab1/inc" -I"C:/Users/Dorien Penebacker/workspace/lab1/CMSIS/device" -I"C:/Users/Dorien Penebacker/workspace/lab1/CMSIS/core" -g -o "src/main.o" "../src/main.s"
../src/main.s: Assembler messages:
../src/main.s:185: Error: expected comma after "ENABLE6_TO_9"
../src/main.s:186: Error: expected comma after "PINS6_TO_9"
src/subdir.mk:28: recipe for target 'src/main.o' failed
make: *** [src/main.o] Error 1
12:25:25 **** Incremental Build of configuration Debug for project lab1 ****
make -j8 all 
Building file: ../src/main.s
Invoking: MCU GCC Assembler
C:\Users\Dorien Penebacker\workspace\lab1\Debug
arm-none-eabi-as -mcpu=cortex-m0 -mthumb -mfloat-abi=soft -I"C:/Users/Dorien Penebacker/workspace/lab1/StdPeriph_Driver/inc" -I"C:/Users/Dorien Penebacker/workspace/lab1/inc" -I"C:/Users/Dorien Penebacker/workspace/lab1/CMSIS/device" -I"C:/Users/Dorien Penebacker/workspace/lab1/CMSIS/core" -g -o "src/main.o" "../src/main.s"
Finished building: ../src/main.s
 
Building target: lab1.elf
Invoking: MCU GCC Linker
arm-none-eabi-gcc -mcpu=cortex-m0 -mthumb -mfloat-abi=soft -T"C:/Users/Dorien Penebacker/workspace/lab1/LinkerScript.ld" -Wl,-Map=output.map -Wl,--gc-sections -o "lab1.elf" @"objects.list" C:/Users/Dorien\ Penebacker/workspace/lab1/src/autotest.o  -lm
Finished building target: lab1.elf
 
make --no-print-directory post-build
Generating binary and Printing size information:
arm-none-eabi-objcopy -O binary "lab1.elf" "lab1.bin"
arm-none-eabi-size "lab1.elf"
   text	   data	    bss	    dec	    hex	filename
  50792	   2492	   3368	  56652	   dd4c	lab1.elf
 
12:26:20 **** Incremental Build of configuration Debug for project lab1 ****
make -j8 all 
make: Nothing to be done for 'all'.
